  QBertGamePCH.cpp
  CharacterControllerComponent.cpp
  CoilyComponent.cpp
  EndMenuComponent.cpp
  EnemyManagerComponent.cpp
  LevelComponent.cpp
  MainMenuComponent.cpp
  SlickSamControllerComponent.cpp
  UggWrongWayComponent.cpp
  QBert.cpp
  QBertGame.cpp
  Generating code
  Previous IPDB not found, fall back to full compilation.
  All 1237 functions were compiled because no usable IPDB/IOBJ from previous compilation was found.
  Finished generating code
  QBertGame.vcxproj -> C:\Users\Martijn\Desktop\Prog4\Minigin\Release\QBertGame.exe
  C:\Users\Martijn\Desktop\Prog4\Minigin\3rdParty\SDL2\lib\x86\SDL2.dll
  1 File(s) copied
  C:\Users\Martijn\Desktop\Prog4\Minigin\3rdParty\SDL2_image\lib\x86\libjpeg-9.dll
  C:\Users\Martijn\Desktop\Prog4\Minigin\3rdParty\SDL2_image\lib\x86\libpng16-16.dll
  C:\Users\Martijn\Desktop\Prog4\Minigin\3rdParty\SDL2_image\lib\x86\libtiff-5.dll
  C:\Users\Martijn\Desktop\Prog4\Minigin\3rdParty\SDL2_image\lib\x86\libwebp-7.dll
  C:\Users\Martijn\Desktop\Prog4\Minigin\3rdParty\SDL2_image\lib\x86\SDL2_image.dll
  C:\Users\Martijn\Desktop\Prog4\Minigin\3rdParty\SDL2_image\lib\x86\zlib1.dll
  6 File(s) copied
  C:\Users\Martijn\Desktop\Prog4\Minigin\3rdParty\SDL2_ttf\lib\x86\libfreetype-6.dll
  C:\Users\Martijn\Desktop\Prog4\Minigin\3rdParty\SDL2_ttf\lib\x86\SDL2_ttf.dll
  2 File(s) copied
  C:\Users\Martijn\Desktop\Prog4\Minigin\3rdParty\SDL2_mixer\lib\x86\SDL2_mixer.dll
  1 File(s) copied
